<?xml version="1.0" encoding="UTF-8"?>
<!-- Generated by org.testng.reporters.JUnitXMLReporter -->
<testsuite ignored="0" hostname="VASUDEV" failures="1" tests="1" name="OpencartV1.2" time="4.219" errors="0" timestamp="2025-05-14T08:20:55 IST">
  <testcase classname="testCase.TC001_Verify_Account_Registration" name="account_Registration" time="0.001">
    <failure type="java.lang.NullPointerException" message="Cannot invoke &amp;quot;org.apache.logging.log4j.Logger.info(String)&amp;quot; because &amp;quot;testCase.TC001_Verify_Account_Registration.logger&amp;quot; is null">
      <![CDATA[java.lang.NullPointerException: Cannot invoke "org.apache.logging.log4j.Logger.info(String)" because "testCase.TC001_Verify_Account_Registration.logger" is null
at testCase.TC001_Verify_Account_Registration.account_Registration(TC001_Verify_Account_Registration.java:15)
at java.base/java.util.ArrayList.forEach(ArrayList.java:1597)
... Removed 25 stack frames]]>
    </failure>
  </testcase> <!-- account_Registration -->
</testsuite> <!-- OpencartV1.2 -->
