<?xml version="1.0" encoding="UTF-8"?>
<testng-results ignored="0" total="2" passed="2" failed="0" skipped="0">
  <reporter-output>
  </reporter-output>
  <suite started-at="2025-05-20T14:35:23 IST" name="OpenCart" finished-at="2025-05-20T14:35:34 IST" duration-ms="11145">
    <groups>
      <group name="Master">
        <method signature="TC001_Verify_Account_Registration.account_Registration()[pri:0, instance:testCase.TC001_Verify_Account_Registration@4612b856]" name="account_Registration" class="testCase.TC001_Verify_Account_Registration"/>
        <method signature="TC002_Login.login_Acoount()[pri:0, instance:testCase.TC002_Login@43f82e78]" name="login_Acoount" class="testCase.TC002_Login"/>
      </group> <!-- Master -->
      <group name="Sanity">
        <method signature="TC002_Login.login_Acoount()[pri:0, instance:testCase.TC002_Login@43f82e78]" name="login_Acoount" class="testCase.TC002_Login"/>
      </group> <!-- Sanity -->
      <group name="Regression">
        <method signature="TC001_Verify_Account_Registration.account_Registration()[pri:0, instance:testCase.TC001_Verify_Account_Registration@4612b856]" name="account_Registration" class="testCase.TC001_Verify_Account_Registration"/>
      </group> <!-- Regression -->
    </groups>
    <test started-at="2025-05-20T14:35:23 IST" name="OpencartV1.0" finished-at="2025-05-20T14:35:34 IST" duration-ms="11145">
      <class name="testCase.TC001_Verify_Account_Registration">
        <test-method is-config="true" signature="setup(java.lang.String,java.lang.String)[pri:0, instance:testCase.TC001_Verify_Account_Registration@4612b856]" started-at="2025-05-20T14:35:23 IST" name="setup" finished-at="2025-05-20T14:35:27 IST" duration-ms="3323" status="PASS">
          <params>
            <param index="0">
              <value>
                <![CDATA[windows]]>
              </value>
            </param>
            <param index="1">
              <value>
                <![CDATA[chrome]]>
              </value>
            </param>
          </params>
          <reporter-output>
          </reporter-output>
        </test-method> <!-- setup -->
        <test-method signature="account_Registration()[pri:0, instance:testCase.TC001_Verify_Account_Registration@4612b856]" started-at="2025-05-20T14:35:27 IST" name="account_Registration" finished-at="2025-05-20T14:35:29 IST" duration-ms="2481" status="PASS">
          <reporter-output>
          </reporter-output>
        </test-method> <!-- account_Registration -->
        <test-method is-config="true" signature="tearDown()[pri:0, instance:testCase.TC001_Verify_Account_Registration@4612b856]" started-at="2025-05-20T14:35:29 IST" name="tearDown" finished-at="2025-05-20T14:35:30 IST" duration-ms="428" status="PASS">
          <reporter-output>
          </reporter-output>
        </test-method> <!-- tearDown -->
      </class> <!-- testCase.TC001_Verify_Account_Registration -->
      <class name="testCase.TC002_Login">
        <test-method is-config="true" signature="setup(java.lang.String,java.lang.String)[pri:0, instance:testCase.TC002_Login@43f82e78]" started-at="2025-05-20T14:35:30 IST" name="setup" finished-at="2025-05-20T14:35:32 IST" duration-ms="2363" status="PASS">
          <params>
            <param index="0">
              <value>
                <![CDATA[windows]]>
              </value>
            </param>
            <param index="1">
              <value>
                <![CDATA[chrome]]>
              </value>
            </param>
          </params>
          <reporter-output>
          </reporter-output>
        </test-method> <!-- setup -->
        <test-method signature="login_Acoount()[pri:0, instance:testCase.TC002_Login@43f82e78]" started-at="2025-05-20T14:35:32 IST" name="login_Acoount" finished-at="2025-05-20T14:35:34 IST" duration-ms="1817" status="PASS">
          <reporter-output>
          </reporter-output>
        </test-method> <!-- login_Acoount -->
        <test-method is-config="true" signature="tearDown()[pri:0, instance:testCase.TC002_Login@43f82e78]" started-at="2025-05-20T14:35:34 IST" name="tearDown" finished-at="2025-05-20T14:35:34 IST" duration-ms="270" status="PASS">
          <reporter-output>
          </reporter-output>
        </test-method> <!-- tearDown -->
      </class> <!-- testCase.TC002_Login -->
    </test> <!-- OpencartV1.0 -->
  </suite> <!-- OpenCart -->
</testng-results>
