<?xml version="1.0" encoding="UTF-8"?>
<testng-results ignored="0" total="2" passed="2" failed="0" skipped="0">
  <reporter-output>
  </reporter-output>
  <suite started-at="2025-06-25T19:47:25 IST" name="OpenCart" finished-at="2025-06-25T19:47:37 IST" duration-ms="11693">
    <groups>
      <group name="Master">
        <method signature="TC001_Verify_Account_Registration.account_Registration()[pri:0, instance:testCase.TC001_Verify_Account_Registration@3b7ff809]" name="account_Registration" class="testCase.TC001_Verify_Account_Registration"/>
        <method signature="TC002_Login.login_Acoount()[pri:0, instance:testCase.TC002_Login@1cbf6e72]" name="login_Acoount" class="testCase.TC002_Login"/>
      </group> <!-- Master -->
      <group name="Sanity">
        <method signature="TC002_Login.login_Acoount()[pri:0, instance:testCase.TC002_Login@1cbf6e72]" name="login_Acoount" class="testCase.TC002_Login"/>
      </group> <!-- Sanity -->
      <group name="Regression">
        <method signature="TC001_Verify_Account_Registration.account_Registration()[pri:0, instance:testCase.TC001_Verify_Account_Registration@3b7ff809]" name="account_Registration" class="testCase.TC001_Verify_Account_Registration"/>
      </group> <!-- Regression -->
    </groups>
    <test started-at="2025-06-25T19:47:25 IST" name="OpencartV1.0" finished-at="2025-06-25T19:47:37 IST" duration-ms="11693">
      <class name="testCase.TC001_Verify_Account_Registration">
        <test-method is-config="true" signature="setup(java.lang.String,java.lang.String)[pri:0, instance:testCase.TC001_Verify_Account_Registration@3b7ff809]" started-at="2025-06-25T19:47:25 IST" name="setup" finished-at="2025-06-25T19:47:29 IST" duration-ms="3553" status="PASS">
          <params>
            <param index="0">
              <value>
                <![CDATA[windows]]>
              </value>
            </param>
            <param index="1">
              <value>
                <![CDATA[chrome]]>
              </value>
            </param>
          </params>
          <reporter-output>
          </reporter-output>
        </test-method> <!-- setup -->
        <test-method signature="account_Registration()[pri:0, instance:testCase.TC001_Verify_Account_Registration@3b7ff809]" started-at="2025-06-25T19:47:29 IST" name="account_Registration" finished-at="2025-06-25T19:47:32 IST" duration-ms="2924" status="PASS">
          <reporter-output>
          </reporter-output>
        </test-method> <!-- account_Registration -->
        <test-method is-config="true" signature="tearDown()[pri:0, instance:testCase.TC001_Verify_Account_Registration@3b7ff809]" started-at="2025-06-25T19:47:32 IST" name="tearDown" finished-at="2025-06-25T19:47:32 IST" duration-ms="328" status="PASS">
          <reporter-output>
          </reporter-output>
        </test-method> <!-- tearDown -->
      </class> <!-- testCase.TC001_Verify_Account_Registration -->
      <class name="testCase.TC002_Login">
        <test-method is-config="true" signature="setup(java.lang.String,java.lang.String)[pri:0, instance:testCase.TC002_Login@1cbf6e72]" started-at="2025-06-25T19:47:32 IST" name="setup" finished-at="2025-06-25T19:47:35 IST" duration-ms="2432" status="PASS">
          <params>
            <param index="0">
              <value>
                <![CDATA[windows]]>
              </value>
            </param>
            <param index="1">
              <value>
                <![CDATA[chrome]]>
              </value>
            </param>
          </params>
          <reporter-output>
          </reporter-output>
        </test-method> <!-- setup -->
        <test-method signature="login_Acoount()[pri:0, instance:testCase.TC002_Login@1cbf6e72]" started-at="2025-06-25T19:47:35 IST" name="login_Acoount" finished-at="2025-06-25T19:47:37 IST" duration-ms="1757" status="PASS">
          <reporter-output>
          </reporter-output>
        </test-method> <!-- login_Acoount -->
        <test-method is-config="true" signature="tearDown()[pri:0, instance:testCase.TC002_Login@1cbf6e72]" started-at="2025-06-25T19:47:37 IST" name="tearDown" finished-at="2025-06-25T19:47:37 IST" duration-ms="262" status="PASS">
          <reporter-output>
          </reporter-output>
        </test-method> <!-- tearDown -->
      </class> <!-- testCase.TC002_Login -->
    </test> <!-- OpencartV1.0 -->
  </suite> <!-- OpenCart -->
</testng-results>
